Environment variables:
  - =::=::\
  - =C:=C:\Users\Krbaid\Desktop\Git\Test\example.java.helloworld-master
  - ALLUSERSPROFILE=C:\ProgramData
  - APPDATA=C:\Users\Krbaid\AppData\Roaming
  - COMPUTERNAME=LIN34003635
  - ComSpec=C:\WINDOWS\system32\cmd.exe
  - CommonProgramFiles=C:\Program Files\Common Files
  - CommonProgramFiles(x86)=C:\Program Files (x86)\Common Files
  - CommonProgramW6432=C:\Program Files\Common Files
  - ERROR_CODE=0
  - FP_NO_HOST_CHECK=NO
  - GPPT_CACHEFOLDER=C:\Windows\ccmcache
  - GPPT_INSTALLFOLDER=c:\Installers
  - GPPT_LOGFOLDER=C:\SCCM_logs
  - HOMEDRIVE=C:
  - HOMEPATH=\Users\Krbaid
  - JAVA_EXEC="C:\Users\Krbaid\Downloads\sonar-scanner-cli-3.2.0.1227-windows\sonar-scanner-3.2.0.1227-windows\bin\..\jre\bin\java.exe"
  - JAVA_HOME=C:\Users\Krbaid\Downloads\sonar-scanner-cli-3.2.0.1227-windows\sonar-scanner-3.2.0.1227-windows\bin\..\jre
  - LOCALAPPDATA=C:\Users\Krbaid\AppData\Local
  - LOGONSERVER=\\WADINBLR06
  - NUMBER_OF_PROCESSORS=8
  - OS=Windows_NT
  - OneDrive=C:\Users\Krbaid\OneDrive
  - PATHEXT=.COM;.EXE;.BAT;.CMD;.VBS;.VBE;.JS;.JSE;.WSF;.WSH;.MSC
  - PROCESSOR_ARCHITECTURE=AMD64
  - PROCESSOR_IDENTIFIER=Intel64 Family 6 Model 142 Stepping 10, GenuineIntel
  - PROCESSOR_LEVEL=6
  - PROCESSOR_REVISION=8e0a
  - PROJECT_HOME=C:\Users\Krbaid\Desktop\Git\Test\example.java.helloworld-master
  - PROMPT=$P$G
  - PSModulePath=C:\WINDOWS\system32\WindowsPowerShell\v1.0\Modules\
  - PUBLIC=C:\Users\Public
  - Path=C:\WINDOWS\system32;C:\WINDOWS;C:\WINDOWS\System32\Wbem;C:\WINDOWS\System32\WindowsPowerShell\v1.0\;C:\Program Files (x86)\QuickTime\QTSystem\;C:\Program Files\CapgeminiScripts\Support Tools\;C:\Program Files\Git\cmd;C:\Program Files\Amazon\AWSCLI\;C:\Program Files\PuTTY\;C:\Program Files\Java\jdk1.8.0_181\bin;"C:\Users\Krbaid\AppData\Local\Programs\Python\Python37-32\Scripts\;";C:\Users\Krbaid\AppData\Local\Programs\Python\Python37-32\;C:\Users\Krbaid\AppData\Local\Microsoft\WindowsApps;C:\Program Files\Java\jdk1.8.0_181\bin;C:\Program Files (x86)\sonarqube-7.5\bin\windows-x86-64\;C:\Users\Krbaid\Downloads\sonar-scanner-cli-3.2.0.1227-windows\sonar-scanner-3.2.0.1227-windows\bin;
  - ProgramData=C:\ProgramData
  - ProgramFiles=C:\Program Files
  - ProgramFiles(x86)=C:\Program Files (x86)
  - ProgramW6432=C:\Program Files
  - SESSIONNAME=Console
  - SONAR_SCANNER_HOME=C:\Users\Krbaid\Downloads\sonar-scanner-cli-3.2.0.1227-windows\sonar-scanner-3.2.0.1227-windows\bin\..
  - SystemDrive=C:
  - SystemRoot=C:\WINDOWS
  - TEMP=C:\Users\Krbaid\AppData\Local\Temp
  - TMP=C:\Users\Krbaid\AppData\Local\Temp
  - UATDATA=C:\WINDOWS\CCM\UATData\D9F8C395-CAB8-491d-B8AC-179A1FE1BE77
  - USERDNSDOMAIN=CORP.CAPGEMINI.COM
  - USERDOMAIN=CORP
  - USERDOMAIN_ROAMINGPROFILE=CORP
  - USERNAME=krbaid
  - USERPROFILE=C:\Users\Krbaid
  - scriptdir=C:\Users\Krbaid\Downloads\sonar-scanner-cli-3.2.0.1227-windows\sonar-scanner-3.2.0.1227-windows\bin
  - use_embedded_jre=true
  - windir=C:\WINDOWS
  - windows_tracing_flags=3
  - windows_tracing_logfile=C:\BVTBin\Tests\installpackage\csilogfile.log
System properties:
  - awt.toolkit=sun.awt.windows.WToolkit
  - file.encoding=Cp1252
  - file.encoding.pkg=sun.io
  - file.separator=\
  - java.awt.graphicsenv=sun.awt.Win32GraphicsEnvironment
  - java.awt.headless=true
  - java.awt.printerjob=sun.awt.windows.WPrinterJob
  - java.class.path=C:\Users\Krbaid\Downloads\sonar-scanner-cli-3.2.0.1227-windows\sonar-scanner-3.2.0.1227-windows\bin\..\lib\sonar-scanner-cli-3.2.0.1227.jar
  - java.class.version=52.0
  - java.endorsed.dirs=C:\Users\Krbaid\Downloads\sonar-scanner-cli-3.2.0.1227-windows\sonar-scanner-3.2.0.1227-windows\jre\lib\endorsed
  - java.ext.dirs=C:\Users\Krbaid\Downloads\sonar-scanner-cli-3.2.0.1227-windows\sonar-scanner-3.2.0.1227-windows\jre\lib\ext;C:\WINDOWS\Sun\Java\lib\ext
  - java.home=C:\Users\Krbaid\Downloads\sonar-scanner-cli-3.2.0.1227-windows\sonar-scanner-3.2.0.1227-windows\jre
  - java.io.tmpdir=C:\Users\Krbaid\AppData\Local\Temp\
  - java.library.path=C:\Users\Krbaid\Downloads\sonar-scanner-cli-3.2.0.1227-windows\sonar-scanner-3.2.0.1227-windows\jre\bin;C:\WINDOWS\Sun\Java\bin;C:\WINDOWS\system32;C:\WINDOWS;C:\WINDOWS\system32;C:\WINDOWS;C:\WINDOWS\System32\Wbem;C:\WINDOWS\System32\WindowsPowerShell\v1.0\;C:\Program Files (x86)\QuickTime\QTSystem\;C:\Program Files\CapgeminiScripts\Support Tools\;C:\Program Files\Git\cmd;C:\Program Files\Amazon\AWSCLI\;C:\Program Files\PuTTY\;C:\Program Files\Java\jdk1.8.0_181\bin;"C:\Users\Krbaid\AppData\Local\Programs\Python\Python37-32\Scripts\;";C:\Users\Krbaid\AppData\Local\Programs\Python\Python37-32\;C:\Users\Krbaid\AppData\Local\Microsoft\WindowsApps;C:\Program Files\Java\jdk1.8.0_181\bin;C:\Program Files (x86)\sonarqube-7.5\bin\windows-x86-64\;C:\Users\Krbaid\Downloads\sonar-scanner-cli-3.2.0.1227-windows\sonar-scanner-3.2.0.1227-windows\bin;;.
  - java.runtime.name=Java(TM) SE Runtime Environment
  - java.runtime.version=1.8.0_121-b13
  - java.specification.name=Java Platform API Specification
  - java.specification.vendor=Oracle Corporation
  - java.specification.version=1.8
  - java.vendor=Oracle Corporation
  - java.vendor.url=http://java.oracle.com/
  - java.vendor.url.bug=http://bugreport.sun.com/bugreport/
  - java.version=1.8.0_121
  - java.vm.info=mixed mode
  - java.vm.name=Java HotSpot(TM) 64-Bit Server VM
  - java.vm.specification.name=Java Virtual Machine Specification
  - java.vm.specification.vendor=Oracle Corporation
  - java.vm.specification.version=1.8
  - java.vm.vendor=Oracle Corporation
  - java.vm.version=25.121-b13
  - line.separator=

  - os.arch=amd64
  - os.name=Windows 10
  - os.version=10.0
  - path.separator=;
  - project.home=C:\Users\Krbaid\Desktop\Git\Test\example.java.helloworld-master
  - scanner.home=C:\Users\Krbaid\Downloads\sonar-scanner-cli-3.2.0.1227-windows\sonar-scanner-3.2.0.1227-windows\bin\..
  - sun.arch.data.model=64
  - sun.boot.class.path=C:\Users\Krbaid\Downloads\sonar-scanner-cli-3.2.0.1227-windows\sonar-scanner-3.2.0.1227-windows\jre\lib\resources.jar;C:\Users\Krbaid\Downloads\sonar-scanner-cli-3.2.0.1227-windows\sonar-scanner-3.2.0.1227-windows\jre\lib\rt.jar;C:\Users\Krbaid\Downloads\sonar-scanner-cli-3.2.0.1227-windows\sonar-scanner-3.2.0.1227-windows\jre\lib\sunrsasign.jar;C:\Users\Krbaid\Downloads\sonar-scanner-cli-3.2.0.1227-windows\sonar-scanner-3.2.0.1227-windows\jre\lib\jsse.jar;C:\Users\Krbaid\Downloads\sonar-scanner-cli-3.2.0.1227-windows\sonar-scanner-3.2.0.1227-windows\jre\lib\jce.jar;C:\Users\Krbaid\Downloads\sonar-scanner-cli-3.2.0.1227-windows\sonar-scanner-3.2.0.1227-windows\jre\lib\charsets.jar;C:\Users\Krbaid\Downloads\sonar-scanner-cli-3.2.0.1227-windows\sonar-scanner-3.2.0.1227-windows\jre\lib\jfr.jar;C:\Users\Krbaid\Downloads\sonar-scanner-cli-3.2.0.1227-windows\sonar-scanner-3.2.0.1227-windows\jre\classes
  - sun.boot.library.path=C:\Users\Krbaid\Downloads\sonar-scanner-cli-3.2.0.1227-windows\sonar-scanner-3.2.0.1227-windows\jre\bin
  - sun.cpu.endian=little
  - sun.cpu.isalist=amd64
  - sun.desktop=windows
  - sun.io.unicode.encoding=UnicodeLittle
  - sun.java.command=org.sonarsource.scanner.cli.Main -X
  - sun.java.launcher=SUN_STANDARD
  - sun.jnu.encoding=Cp1252
  - sun.management.compiler=HotSpot 64-Bit Tiered Compilers
  - sun.os.patch.level=
  - sun.stderr.encoding=cp437
  - sun.stdout.encoding=cp437
  - user.country=US
  - user.dir=C:\Users\Krbaid\Desktop\Git\Test\example.java.helloworld-master
  - user.home=C:\Users\Krbaid
  - user.language=en
  - user.name=krbaid
  - user.script=
  - user.timezone=Asia/Calcutta
  - user.variant=
SonarQube plugins:
  - SonarPython 1.10.0.2131 (python)
  - SonarCSS 1.0.3.724 (cssfamily)
  - JaCoCo 1.0.1.143 (jacoco)
  - SonarGo 1.1.0.1612 (go)
  - SonarKotlin 1.4.0.155 (kotlin)
  - Svn 1.9.0.1295 (scmsvn)
  - SonarJS 5.0.0.6962 (javascript)
  - SonarRuby 1.4.0.155 (ruby)
  - SonarScala 1.4.0.155 (sonarscala)
  - SonarC# 7.9.1.7622 (csharp)
  - SonarJava 5.9.2.16552 (java)
  - LDAP 2.2.0.608 (ldap)
  - Git 1.6.0.1349 (scmgit)
  - SonarFlex 2.4.0.1222 (flex)
  - SonarXML 1.5.1.1452 (xml)
  - SonarPHP 2.15.0.4060 (php)
  - SonarTS 1.8.0.3332 (typescript)
  - SonarVB 7.9.1.7622 (vbnet)
Global properties:
  - sonar.core.id=BF41A1F2-AWgNqaZqLF39h_-Y_oSh
  - sonar.core.startTime=2019-01-02T17:17:13+0530
Settings for module: sample
  - sonar.host.url=http://localhost:9000
  - sonar.java.source=1.8
  - sonar.projectBaseDir=C:\Users\Krbaid\Desktop\Git\Test\example.java.helloworld-master
  - sonar.projectKey=sample
  - sonar.projectName=sample
  - sonar.projectVersion=1.0
  - sonar.scanner.app=ScannerCli
  - sonar.scanner.appVersion=3.2.0.1227
  - sonar.sourceEncoding=windows-1252
  - sonar.sources=.
  - sonar.verbose=true
  - sonar.working.directory=C:\Users\Krbaid\Desktop\Git\Test\example.java.helloworld-master\.scannerwork
